Determining if the function sgemm_ exists failed with the following output:
Change Dir: /media/carlos/Interchange/Documentos/Artículo_Dinámica/Simulador_C++/Proyecto5/build3/CMakeFiles/CMakeTmp

Run Build Command(s):/usr/bin/gmake cmTC_60983/fast && /usr/bin/gmake  -f CMakeFiles/cmTC_60983.dir/build.make CMakeFiles/cmTC_60983.dir/build
gmake[1]: Entering directory '/media/carlos/Interchange/Documentos/Artículo_Dinámica/Simulador_C++/Proyecto5/build3/CMakeFiles/CMakeTmp'
Building C object CMakeFiles/cmTC_60983.dir/CheckFunctionExists.c.o
/usr/bin/cc   -DCHECK_FUNCTION_EXISTS=sgemm_ -o CMakeFiles/cmTC_60983.dir/CheckFunctionExists.c.o -c /home/carlos/anaconda3/share/cmake-3.19/Modules/CheckFunctionExists.c
Linking C executable cmTC_60983
/home/carlos/anaconda3/bin/cmake -E cmake_link_script CMakeFiles/cmTC_60983.dir/link.txt --verbose=1
/usr/bin/cc  -DCHECK_FUNCTION_EXISTS=sgemm_ -rdynamic CMakeFiles/cmTC_60983.dir/CheckFunctionExists.c.o -o cmTC_60983 
/usr/bin/ld: CMakeFiles/cmTC_60983.dir/CheckFunctionExists.c.o: in function `main':
CheckFunctionExists.c:(.text+0x14): undefined reference to `sgemm_'
collect2: error: ld returned 1 exit status
gmake[1]: *** [CMakeFiles/cmTC_60983.dir/build.make:106: cmTC_60983] Error 1
gmake[1]: Leaving directory '/media/carlos/Interchange/Documentos/Artículo_Dinámica/Simulador_C++/Proyecto5/build3/CMakeFiles/CMakeTmp'
gmake: *** [Makefile:140: cmTC_60983/fast] Error 2



Performing C SOURCE FILE Test CMAKE_HAVE_LIBC_PTHREAD failed with the following output:
Change Dir: /media/carlos/Interchange/Documentos/Artículo_Dinámica/Simulador_C++/Proyecto5/build3/CMakeFiles/CMakeTmp

Run Build Command(s):/usr/bin/gmake cmTC_be98f/fast && /usr/bin/gmake  -f CMakeFiles/cmTC_be98f.dir/build.make CMakeFiles/cmTC_be98f.dir/build
gmake[1]: Entering directory '/media/carlos/Interchange/Documentos/Artículo_Dinámica/Simulador_C++/Proyecto5/build3/CMakeFiles/CMakeTmp'
Building C object CMakeFiles/cmTC_be98f.dir/src.c.o
/usr/bin/cc -DCMAKE_HAVE_LIBC_PTHREAD   -o CMakeFiles/cmTC_be98f.dir/src.c.o -c /media/carlos/Interchange/Documentos/Artículo_Dinámica/Simulador_C++/Proyecto5/build3/CMakeFiles/CMakeTmp/src.c
Linking C executable cmTC_be98f
/home/carlos/anaconda3/bin/cmake -E cmake_link_script CMakeFiles/cmTC_be98f.dir/link.txt --verbose=1
/usr/bin/cc -rdynamic CMakeFiles/cmTC_be98f.dir/src.c.o -o cmTC_be98f 
/usr/bin/ld: CMakeFiles/cmTC_be98f.dir/src.c.o: in function `main':
src.c:(.text+0x46): undefined reference to `pthread_create'
/usr/bin/ld: src.c:(.text+0x52): undefined reference to `pthread_detach'
/usr/bin/ld: src.c:(.text+0x5e): undefined reference to `pthread_cancel'
/usr/bin/ld: src.c:(.text+0x6f): undefined reference to `pthread_join'
collect2: error: ld returned 1 exit status
gmake[1]: *** [CMakeFiles/cmTC_be98f.dir/build.make:106: cmTC_be98f] Error 1
gmake[1]: Leaving directory '/media/carlos/Interchange/Documentos/Artículo_Dinámica/Simulador_C++/Proyecto5/build3/CMakeFiles/CMakeTmp'
gmake: *** [Makefile:140: cmTC_be98f/fast] Error 2


Source file was:
#include <pthread.h>

static void* test_func(void* data)
{
  return data;
}

int main(void)
{
  pthread_t thread;
  pthread_create(&thread, NULL, test_func, NULL);
  pthread_detach(thread);
  pthread_cancel(thread);
  pthread_join(thread, NULL);
  pthread_atfork(NULL, NULL, NULL);
  pthread_exit(NULL);

  return 0;
}

Determining if the function pthread_create exists in the pthreads failed with the following output:
Change Dir: /media/carlos/Interchange/Documentos/Artículo_Dinámica/Simulador_C++/Proyecto5/build3/CMakeFiles/CMakeTmp

Run Build Command(s):/usr/bin/gmake cmTC_3a2a3/fast && /usr/bin/gmake  -f CMakeFiles/cmTC_3a2a3.dir/build.make CMakeFiles/cmTC_3a2a3.dir/build
gmake[1]: Entering directory '/media/carlos/Interchange/Documentos/Artículo_Dinámica/Simulador_C++/Proyecto5/build3/CMakeFiles/CMakeTmp'
Building C object CMakeFiles/cmTC_3a2a3.dir/CheckFunctionExists.c.o
/usr/bin/cc   -DCHECK_FUNCTION_EXISTS=pthread_create -o CMakeFiles/cmTC_3a2a3.dir/CheckFunctionExists.c.o -c /home/carlos/anaconda3/share/cmake-3.19/Modules/CheckFunctionExists.c
Linking C executable cmTC_3a2a3
/home/carlos/anaconda3/bin/cmake -E cmake_link_script CMakeFiles/cmTC_3a2a3.dir/link.txt --verbose=1
/usr/bin/cc  -DCHECK_FUNCTION_EXISTS=pthread_create -rdynamic CMakeFiles/cmTC_3a2a3.dir/CheckFunctionExists.c.o -o cmTC_3a2a3  -lpthreads 
/usr/bin/ld: cannot find -lpthreads
collect2: error: ld returned 1 exit status
gmake[1]: *** [CMakeFiles/cmTC_3a2a3.dir/build.make:106: cmTC_3a2a3] Error 1
gmake[1]: Leaving directory '/media/carlos/Interchange/Documentos/Artículo_Dinámica/Simulador_C++/Proyecto5/build3/CMakeFiles/CMakeTmp'
gmake: *** [Makefile:140: cmTC_3a2a3/fast] Error 2



