Determining if the function sgemm_ exists failed with the following output:
Change Dir: /media/carlos/Interchange/Documentos/Artículo_Dinámica/Simulador_C++/Proyecto5/build2/CMakeFiles/CMakeTmp

Run Build Command(s):/usr/bin/gmake cmTC_0049e/fast && /usr/bin/gmake  -f CMakeFiles/cmTC_0049e.dir/build.make CMakeFiles/cmTC_0049e.dir/build
gmake[1]: Entering directory '/media/carlos/Interchange/Documentos/Artículo_Dinámica/Simulador_C++/Proyecto5/build2/CMakeFiles/CMakeTmp'
Building C object CMakeFiles/cmTC_0049e.dir/CheckFunctionExists.c.o
/usr/bin/cc   -DCHECK_FUNCTION_EXISTS=sgemm_ -o CMakeFiles/cmTC_0049e.dir/CheckFunctionExists.c.o -c /home/carlos/anaconda3/share/cmake-3.19/Modules/CheckFunctionExists.c
Linking C executable cmTC_0049e
/home/carlos/anaconda3/bin/cmake -E cmake_link_script CMakeFiles/cmTC_0049e.dir/link.txt --verbose=1
/usr/bin/cc  -DCHECK_FUNCTION_EXISTS=sgemm_ -rdynamic CMakeFiles/cmTC_0049e.dir/CheckFunctionExists.c.o -o cmTC_0049e 
/usr/bin/ld: CMakeFiles/cmTC_0049e.dir/CheckFunctionExists.c.o: in function `main':
CheckFunctionExists.c:(.text+0x14): undefined reference to `sgemm_'
collect2: error: ld returned 1 exit status
gmake[1]: *** [CMakeFiles/cmTC_0049e.dir/build.make:106: cmTC_0049e] Error 1
gmake[1]: Leaving directory '/media/carlos/Interchange/Documentos/Artículo_Dinámica/Simulador_C++/Proyecto5/build2/CMakeFiles/CMakeTmp'
gmake: *** [Makefile:140: cmTC_0049e/fast] Error 2



Performing C SOURCE FILE Test CMAKE_HAVE_LIBC_PTHREAD failed with the following output:
Change Dir: /media/carlos/Interchange/Documentos/Artículo_Dinámica/Simulador_C++/Proyecto5/build2/CMakeFiles/CMakeTmp

Run Build Command(s):/usr/bin/gmake cmTC_8b114/fast && /usr/bin/gmake  -f CMakeFiles/cmTC_8b114.dir/build.make CMakeFiles/cmTC_8b114.dir/build
gmake[1]: Entering directory '/media/carlos/Interchange/Documentos/Artículo_Dinámica/Simulador_C++/Proyecto5/build2/CMakeFiles/CMakeTmp'
Building C object CMakeFiles/cmTC_8b114.dir/src.c.o
/usr/bin/cc -DCMAKE_HAVE_LIBC_PTHREAD   -o CMakeFiles/cmTC_8b114.dir/src.c.o -c /media/carlos/Interchange/Documentos/Artículo_Dinámica/Simulador_C++/Proyecto5/build2/CMakeFiles/CMakeTmp/src.c
Linking C executable cmTC_8b114
/home/carlos/anaconda3/bin/cmake -E cmake_link_script CMakeFiles/cmTC_8b114.dir/link.txt --verbose=1
/usr/bin/cc -rdynamic CMakeFiles/cmTC_8b114.dir/src.c.o -o cmTC_8b114 
/usr/bin/ld: CMakeFiles/cmTC_8b114.dir/src.c.o: in function `main':
src.c:(.text+0x46): undefined reference to `pthread_create'
/usr/bin/ld: src.c:(.text+0x52): undefined reference to `pthread_detach'
/usr/bin/ld: src.c:(.text+0x5e): undefined reference to `pthread_cancel'
/usr/bin/ld: src.c:(.text+0x6f): undefined reference to `pthread_join'
collect2: error: ld returned 1 exit status
gmake[1]: *** [CMakeFiles/cmTC_8b114.dir/build.make:106: cmTC_8b114] Error 1
gmake[1]: Leaving directory '/media/carlos/Interchange/Documentos/Artículo_Dinámica/Simulador_C++/Proyecto5/build2/CMakeFiles/CMakeTmp'
gmake: *** [Makefile:140: cmTC_8b114/fast] Error 2


Source file was:
#include <pthread.h>

static void* test_func(void* data)
{
  return data;
}

int main(void)
{
  pthread_t thread;
  pthread_create(&thread, NULL, test_func, NULL);
  pthread_detach(thread);
  pthread_cancel(thread);
  pthread_join(thread, NULL);
  pthread_atfork(NULL, NULL, NULL);
  pthread_exit(NULL);

  return 0;
}

Determining if the function pthread_create exists in the pthreads failed with the following output:
Change Dir: /media/carlos/Interchange/Documentos/Artículo_Dinámica/Simulador_C++/Proyecto5/build2/CMakeFiles/CMakeTmp

Run Build Command(s):/usr/bin/gmake cmTC_82c31/fast && /usr/bin/gmake  -f CMakeFiles/cmTC_82c31.dir/build.make CMakeFiles/cmTC_82c31.dir/build
gmake[1]: Entering directory '/media/carlos/Interchange/Documentos/Artículo_Dinámica/Simulador_C++/Proyecto5/build2/CMakeFiles/CMakeTmp'
Building C object CMakeFiles/cmTC_82c31.dir/CheckFunctionExists.c.o
/usr/bin/cc   -DCHECK_FUNCTION_EXISTS=pthread_create -o CMakeFiles/cmTC_82c31.dir/CheckFunctionExists.c.o -c /home/carlos/anaconda3/share/cmake-3.19/Modules/CheckFunctionExists.c
Linking C executable cmTC_82c31
/home/carlos/anaconda3/bin/cmake -E cmake_link_script CMakeFiles/cmTC_82c31.dir/link.txt --verbose=1
/usr/bin/cc  -DCHECK_FUNCTION_EXISTS=pthread_create -rdynamic CMakeFiles/cmTC_82c31.dir/CheckFunctionExists.c.o -o cmTC_82c31  -lpthreads 
/usr/bin/ld: cannot find -lpthreads
collect2: error: ld returned 1 exit status
gmake[1]: *** [CMakeFiles/cmTC_82c31.dir/build.make:106: cmTC_82c31] Error 1
gmake[1]: Leaving directory '/media/carlos/Interchange/Documentos/Artículo_Dinámica/Simulador_C++/Proyecto5/build2/CMakeFiles/CMakeTmp'
gmake: *** [Makefile:140: cmTC_82c31/fast] Error 2



